<?xml version="1.0" encoding="UTF-8"?>
<!-- Generated by org.testng.reporters.JUnitReportReporter -->
<testsuite skipped="0" hostname="DESKTOP-T5V0UUU" name="QAClickAcademy.SeleniumTest" tests="2" failures="0" timestamp="2019-11-21T18:49:34 EST" time="0.031" errors="0">
  <testcase name="ElementsUI" time="0.003" classname="QAClickAcademy.SeleniumTest"/>
  <testcase name="BrowserAutomation" time="0.028" classname="QAClickAcademy.SeleniumTest"/>
</testsuite> <!-- QAClickAcademy.SeleniumTest -->
