<?xml version="1.0" encoding="UTF-8"?>
<!-- Generated by org.testng.reporters.JUnitReportReporter -->
<testsuite skipped="0" hostname="DESKTOP-T5V0UUU" name="QAClickAcademy.RestAPITest" tests="2" failures="0" timestamp="2019-11-21T18:49:34 EST" time="0.007" errors="0">
  <testcase name="PostJira" time="0.002" classname="QAClickAcademy.RestAPITest"/>
  <testcase name="DeleteTwitter" time="0.005" classname="QAClickAcademy.RestAPITest"/>
</testsuite> <!-- QAClickAcademy.RestAPITest -->
