<?xml version="1.0" encoding="UTF-8"?>
<!-- Generated by org.testng.reporters.JUnitReportReporter -->
<testsuite skipped="0" hostname="DESKTOP-T5V0UUU" name="QAClickAcademy.AppiumTest" tests="2" failures="0" timestamp="2019-11-21T18:49:34 EST" time="0.011" errors="0">
  <testcase name="NativeAPPAndriod" time="0.005" classname="QAClickAcademy.AppiumTest"/>
  <testcase name="IOSApp" time="0.006" classname="QAClickAcademy.AppiumTest"/>
</testsuite> <!-- QAClickAcademy.AppiumTest -->
